c:\users\kasia\source\repos\projektdziennik\projektdziennik\dziennik_lekcyjny\x64\debug\dziennik_lekcyjny.pch
c:\users\kasia\source\repos\projektdziennik\projektdziennik\dziennik_lekcyjny\x64\debug\vc141.pdb
c:\users\kasia\source\repos\projektdziennik\projektdziennik\dziennik_lekcyjny\x64\debug\vc141.idb
c:\users\kasia\source\repos\projektdziennik\projektdziennik\dziennik_lekcyjny\x64\debug\stdafx.obj
c:\users\kasia\source\repos\projektdziennik\projektdziennik\dziennik_lekcyjny\x64\debug\subjects.obj
c:\users\kasia\source\repos\projektdziennik\projektdziennik\dziennik_lekcyjny\x64\debug\students.obj
c:\users\kasia\source\repos\projektdziennik\projektdziennik\dziennik_lekcyjny\x64\debug\student.obj
c:\users\kasia\source\repos\projektdziennik\projektdziennik\dziennik_lekcyjny\x64\debug\structs.obj
c:\users\kasia\source\repos\projektdziennik\projektdziennik\dziennik_lekcyjny\x64\debug\school_register.obj
c:\users\kasia\source\repos\projektdziennik\projektdziennik\dziennik_lekcyjny\x64\debug\methods.obj
c:\users\kasia\source\repos\projektdziennik\projektdziennik\dziennik_lekcyjny\x64\debug\load_params.obj
c:\users\kasia\source\repos\projektdziennik\projektdziennik\dziennik_lekcyjny\x64\debug\load_file.obj
c:\users\kasia\source\repos\projektdziennik\projektdziennik\dziennik_lekcyjny\x64\debug\main.obj
c:\users\kasia\source\repos\projektdziennik\projektdziennik\x64\debug\dziennik_lekcyjny.exe
c:\users\kasia\source\repos\projektdziennik\projektdziennik\x64\debug\dziennik_lekcyjny.ilk
c:\users\kasia\source\repos\projektdziennik\projektdziennik\x64\debug\dziennik_lekcyjny.pdb
c:\users\kasia\source\repos\projektdziennik\projektdziennik\dziennik_lekcyjny\x64\debug\dziennik.acd0e788.tlog\cl.command.1.tlog
c:\users\kasia\source\repos\projektdziennik\projektdziennik\dziennik_lekcyjny\x64\debug\dziennik.acd0e788.tlog\cl.read.1.tlog
c:\users\kasia\source\repos\projektdziennik\projektdziennik\dziennik_lekcyjny\x64\debug\dziennik.acd0e788.tlog\cl.write.1.tlog
c:\users\kasia\source\repos\projektdziennik\projektdziennik\dziennik_lekcyjny\x64\debug\dziennik.acd0e788.tlog\link.command.1.tlog
c:\users\kasia\source\repos\projektdziennik\projektdziennik\dziennik_lekcyjny\x64\debug\dziennik.acd0e788.tlog\link.read.1.tlog
c:\users\kasia\source\repos\projektdziennik\projektdziennik\dziennik_lekcyjny\x64\debug\dziennik.acd0e788.tlog\link.write.1.tlog
